<?xml version="1.0" encoding="UTF-8"?>
<testng-results skipped="0" failed="0" total="1" passed="1">
  <reporter-output>
  </reporter-output>
  <suite name="Suite" duration-ms="6086" started-at="2020-10-24T19:10:28Z" finished-at="2020-10-24T19:10:35Z">
    <groups>
    </groups>
    <test name="Test" duration-ms="6086" started-at="2020-10-24T19:10:28Z" finished-at="2020-10-24T19:10:35Z">
      <class name="com.phani.aut.base.Testing">
        <test-method status="PASS" signature="setup()[pri:0, instance:com.phani.aut.base.Testing@13deb50e]" name="setup" is-config="true" duration-ms="5628" started-at="2020-10-25T00:40:29Z" finished-at="2020-10-25T00:40:34Z">
          <reporter-output>
          </reporter-output>
        </test-method> <!-- setup -->
        <test-method status="PASS" signature="test1()[pri:0, instance:com.phani.aut.base.Testing@13deb50e]" name="test1" duration-ms="36" started-at="2020-10-25T00:40:34Z" finished-at="2020-10-25T00:40:34Z">
          <reporter-output>
          </reporter-output>
        </test-method> <!-- test1 -->
        <test-method status="PASS" signature="clean()[pri:0, instance:com.phani.aut.base.Testing@13deb50e]" name="clean" is-config="true" duration-ms="87" started-at="2020-10-25T00:40:34Z" finished-at="2020-10-25T00:40:35Z">
          <reporter-output>
          </reporter-output>
        </test-method> <!-- clean -->
      </class> <!-- com.phani.aut.base.Testing -->
    </test> <!-- Test -->
  </suite> <!-- Suite -->
</testng-results>
